Copyright 1986-2016 Xilinx, Inc. All Rights Reserved.
-----------------------------------------------------------------------------------------------------------
| Tool Version : Vivado v.2016.3 (win64) Build 1682563 Mon Oct 10 19:07:27 MDT 2016
| Date         : Sun Nov 13 15:25:13 2016
| Host         : PC running 64-bit major release  (build 9200)
| Command      : report_methodology -file sd_methodology_drc_routed.rpt -rpx sd_methodology_drc_routed.rpx
| Design       : sd
| Device       : xc7a35tcpg236-1
| Speed File   : -1
| Design State : Routed
-----------------------------------------------------------------------------------------------------------

Report Methodology

Table of Contents
-----------------
1. REPORT SUMMARY
2. REPORT DETAILS

1. REPORT SUMMARY
-----------------
            Netlist: netlist
          Floorplan: design_1
      Design limits: <entire design considered>
             Max violations: <unlimited>
             Violations found: 24
+-----------+----------+-----------------------------+------------+
| Rule      | Severity | Description                 | Violations |
+-----------+----------+-----------------------------+------------+
| TIMING-17 | Warning  | Non-clocked sequential cell | 20         |
| TIMING-20 | Warning  | Non-clocked latch           | 4          |
+-----------+----------+-----------------------------+------------+

2. REPORT DETAILS
-----------------
TIMING-17#1 Warning
Non-clocked sequential cell  
The clock pin inst_enigma/inst_mess_gen/ff_elem0/ff_d_inst/dout_reg_C/C is not reached by a timing clock
Related violations: <none>

TIMING-17#2 Warning
Non-clocked sequential cell  
The clock pin inst_enigma/inst_mess_gen/ff_elem0/ff_d_inst/dout_reg_P/C is not reached by a timing clock
Related violations: <none>

TIMING-17#3 Warning
Non-clocked sequential cell  
The clock pin inst_enigma/inst_mess_gen/ff_elem1/ff_d_inst/dout_reg_C/C is not reached by a timing clock
Related violations: <none>

TIMING-17#4 Warning
Non-clocked sequential cell  
The clock pin inst_enigma/inst_mess_gen/ff_elem1/ff_d_inst/dout_reg_P/C is not reached by a timing clock
Related violations: <none>

TIMING-17#5 Warning
Non-clocked sequential cell  
The clock pin inst_enigma/inst_mess_gen/ff_elem2/ff_d_inst/dout_reg_C/C is not reached by a timing clock
Related violations: <none>

TIMING-17#6 Warning
Non-clocked sequential cell  
The clock pin inst_enigma/inst_mess_gen/ff_elem2/ff_d_inst/dout_reg_P/C is not reached by a timing clock
Related violations: <none>

TIMING-17#7 Warning
Non-clocked sequential cell  
The clock pin inst_enigma/inst_mess_gen/ff_elem3/ff_d_inst/dout_reg/C is not reached by a timing clock
Related violations: <none>

TIMING-17#8 Warning
Non-clocked sequential cell  
The clock pin inst_enigma/inst_mess_gen/ff_elem3/ff_d_inst/dout_reg_lopt_replica/C is not reached by a timing clock
Related violations: <none>

TIMING-17#9 Warning
Non-clocked sequential cell  
The clock pin inst_enigma/inst_mess_gen/ff_elem4/ff_d_inst/dout_reg/C is not reached by a timing clock
Related violations: <none>

TIMING-17#10 Warning
Non-clocked sequential cell  
The clock pin inst_enigma/inst_mess_gen/ff_elem4/ff_d_inst/dout_reg_lopt_replica/C is not reached by a timing clock
Related violations: <none>

TIMING-17#11 Warning
Non-clocked sequential cell  
The clock pin inst_enigma/inst_mess_gen/ff_elem5/ff_d_inst/dout_reg_C/C is not reached by a timing clock
Related violations: <none>

TIMING-17#12 Warning
Non-clocked sequential cell  
The clock pin inst_enigma/inst_mess_gen/ff_elem5/ff_d_inst/dout_reg_P/C is not reached by a timing clock
Related violations: <none>

TIMING-17#13 Warning
Non-clocked sequential cell  
The clock pin udisp/count_reg[0]/C is not reached by a timing clock
Related violations: <none>

TIMING-17#14 Warning
Non-clocked sequential cell  
The clock pin udisp/count_reg[1]/C is not reached by a timing clock
Related violations: <none>

TIMING-17#15 Warning
Non-clocked sequential cell  
The clock pin udisp/cs_reg[0]/C is not reached by a timing clock
Related violations: <none>

TIMING-17#16 Warning
Non-clocked sequential cell  
The clock pin udisp/cs_reg[1]/C is not reached by a timing clock
Related violations: <none>

TIMING-17#17 Warning
Non-clocked sequential cell  
The clock pin udisp/srg_out_reg[0]/C is not reached by a timing clock
Related violations: <none>

TIMING-17#18 Warning
Non-clocked sequential cell  
The clock pin udisp/srg_out_reg[1]/C is not reached by a timing clock
Related violations: <none>

TIMING-17#19 Warning
Non-clocked sequential cell  
The clock pin udisp/srg_out_reg[2]/C is not reached by a timing clock
Related violations: <none>

TIMING-17#20 Warning
Non-clocked sequential cell  
The clock pin udisp/srg_out_reg[3]/C is not reached by a timing clock
Related violations: <none>

TIMING-20#1 Warning
Non-clocked latch  
The latch inst_enigma/inst_mess_gen/ff_elem0/ff_d_inst/dout_reg_LDC cannot be properly analyzed as its control pin inst_enigma/inst_mess_gen/ff_elem0/ff_d_inst/dout_reg_LDC/G is not reached by a timing clock
Related violations: <none>

TIMING-20#2 Warning
Non-clocked latch  
The latch inst_enigma/inst_mess_gen/ff_elem1/ff_d_inst/dout_reg_LDC cannot be properly analyzed as its control pin inst_enigma/inst_mess_gen/ff_elem1/ff_d_inst/dout_reg_LDC/G is not reached by a timing clock
Related violations: <none>

TIMING-20#3 Warning
Non-clocked latch  
The latch inst_enigma/inst_mess_gen/ff_elem2/ff_d_inst/dout_reg_LDC cannot be properly analyzed as its control pin inst_enigma/inst_mess_gen/ff_elem2/ff_d_inst/dout_reg_LDC/G is not reached by a timing clock
Related violations: <none>

TIMING-20#4 Warning
Non-clocked latch  
The latch inst_enigma/inst_mess_gen/ff_elem5/ff_d_inst/dout_reg_LDC cannot be properly analyzed as its control pin inst_enigma/inst_mess_gen/ff_elem5/ff_d_inst/dout_reg_LDC/G is not reached by a timing clock
Related violations: <none>


