#-----------------------------------------------------------
# Vivado v2016.3 (64-bit)
# SW Build 1682563 on Mon Oct 10 19:07:27 MDT 2016
# IP Build 1681267 on Mon Oct 10 21:28:31 MDT 2016
# Start of session at: Sun Nov 20 16:11:08 2016
# Process ID: 7048
# Current directory: C:/Users/Maria/Desktop/Nova pasta (2)/Nova pasta/lab3
# Command line: vivado.exe -gui_launcher_event rodinguilauncherevent1476 C:\Users\Maria\Desktop\Nova pasta (2)\Nova pasta\lab3\lab3.xpr
# Log file: C:/Users/Maria/Desktop/Nova pasta (2)/Nova pasta/lab3/vivado.log
# Journal file: C:/Users/Maria/Desktop/Nova pasta (2)/Nova pasta/lab3\vivado.jou
#-----------------------------------------------------------
start_gui
open_project {C:/Users/Maria/Desktop/Nova pasta (2)/Nova pasta/lab3/lab3.xpr}
INFO: [Project 1-313] Project file moved from 'C:/Users/Maria/Desktop/lab3' since last save.
Scanning sources...
Finished scanning sources
WARNING: [filemgmt 56-2] IP Output Repository Path: Could not find the directory 'C:/Users/Maria/Desktop/Nova pasta (2)/Nova pasta/lab3/lab3.cache/ip', nor could it be found using path 'C:/Users/Maria/Desktop/lab3/lab3.cache/ip'.
INFO: [IP_Flow 19-234] Refreshing IP repositories
INFO: [IP_Flow 19-1704] No user IP repositories specified
INFO: [IP_Flow 19-2313] Loaded Vivado IP repository 'C:/Xilinx/Vivado/2016.3/data/ip'.
open_project: Time (s): cpu = 00:00:29 ; elapsed = 00:00:18 . Memory (MB): peak = 732.031 ; gain = 101.477
archive_project C:/Users/Maria/Desktop/Lab3-Vivado-86980-86976.xpr.zip -temp_dir C:/Users/Maria/Desktop -force
INFO: [Coretcl 2-137] starting archive...
INFO: [Coretcl 2-1499] Saving project copy to temporary location 'C:/Users/Maria/Desktop' for archiving project
INFO: [Project 1-313] Project file moved from 'C:/Users/Maria/Desktop/lab3' since last save.
Scanning sources...
Finished scanning sources
WARNING: [filemgmt 56-2] IP Output Repository Path: Could not find the directory 'C:/Users/Maria/Desktop/Nova pasta (2)/Nova pasta/lab3/lab3.cache/ip', nor could it be found using path 'C:/Users/Maria/Desktop/lab3/lab3.cache/ip'.
INFO: [Coretcl 2-1211] Creating project copy for archival...
INFO: [Coretcl 2-1213] Including run results for 'synth_1'
INFO: [Coretcl 2-1213] Including run results for 'impl_1'
INFO: [Coretcl 2-1212] Importing remotely added design sources and verilog include files (if any)...
INFO: [filemgmt 20-334] All file(s) are already imported in fileset: 'constrs_1'
INFO: [filemgmt 20-348] Importing the appropriate files for fileset: 'constrs_1'
INFO: [filemgmt 20-348] Importing the appropriate files for fileset: 'sim_1'
INFO: [filemgmt 20-334] All file(s) are already imported in fileset: 'sources_1'
INFO: [filemgmt 20-348] Importing the appropriate files for fileset: 'sources_1'
